<?xml version="1.0" encoding="utf-8"?><testsuites><testsuite name="pytest" errors="0" failures="0" skipped="0" tests="10" time="59.312" timestamp="2021-05-06T22:58:06.811836" hostname="Alexs-MacBook-Pro.local"><testcase classname="pd_parser.tests.test_parse_pd" name="test_inputs" time="0.673" /><testcase classname="pd_parser.tests.test_parse_pd" name="test_find_alignment" time="1.035" /><testcase classname="pd_parser.tests.test_parse_pd" name="test_resync" time="0.777" /><testcase classname="pd_parser.tests.test_parse_pd" name="test_two_pd_alignment" time="0.867" /><testcase classname="pd_parser.tests.test_parse_pd" name="test_plotting" time="0.471" /><testcase classname="pd_parser.tests.test_parse_pd" name="test_parse_pd" time="42.373" /><testcase classname="pd_parser.tests.test_parse_pd" name="test_long_events" time="0.468" /><testcase classname="pd_parser.tests.test_parse_pd" name="test_parse_audio" time="5.591" /><testcase classname="pd_parser.tests.test_parse_pd" name="test_cli" time="5.103" /><testcase classname="pd_parser.tests.test_parse_pd" name="test_examples" time="0.001" /></testsuite></testsuites>