<?xml version="1.0" encoding="utf-8"?><testsuites><testsuite name="pytest" errors="0" failures="0" skipped="0" tests="10" time="59.205" timestamp="2021-05-11T16:46:15.281895" hostname="Alexs-MacBook-Pro.local"><testcase classname="pd_parser.tests.test_parse_pd" name="test_inputs" time="0.508" /><testcase classname="pd_parser.tests.test_parse_pd" name="test_core" time="0.966" /><testcase classname="pd_parser.tests.test_parse_pd" name="test_resync" time="0.549" /><testcase classname="pd_parser.tests.test_parse_pd" name="test_two_pd_alignment" time="0.858" /><testcase classname="pd_parser.tests.test_parse_pd" name="test_plotting" time="0.676" /><testcase classname="pd_parser.tests.test_parse_pd" name="test_parse_pd" time="37.483" /><testcase classname="pd_parser.tests.test_parse_pd" name="test_long_events" time="0.577" /><testcase classname="pd_parser.tests.test_parse_pd" name="test_parse_audio" time="10.468" /><testcase classname="pd_parser.tests.test_parse_pd" name="test_cli" time="5.370" /><testcase classname="pd_parser.tests.test_parse_pd" name="test_examples" time="0.002" /></testsuite></testsuites>